Flow report for falling_blocks
Tue Dec 04 17:07:50 2018
Quartus II 64-Bit Version 13.0.0 Build 156 04/24/2013 SJ Web Edition


---------------------
; Table of Contents ;
---------------------
  1. Legal Notice
  2. Flow Summary
  3. Flow Settings
  4. Flow Non-Default Global Settings
  5. Flow Elapsed Time
  6. Flow OS Summary
  7. Flow Log
  8. Flow Messages
  9. Flow Suppressed Messages



----------------
; Legal Notice ;
----------------
Copyright (C) 1991-2013 Altera Corporation
Your use of Altera Corporation's design tools, logic functions 
and other software and tools, and its AMPP partner logic 
functions, and any output files from any of the foregoing 
(including device programming or simulation files), and any 
associated documentation or information are expressly subject 
to the terms and conditions of the Altera Program License 
Subscription Agreement, Altera MegaCore Function License 
Agreement, or other applicable license agreement, including, 
without limitation, that your use is for the sole purpose of 
programming logic devices manufactured by Altera and sold by 
Altera or its authorized distributors.  Please refer to the 
applicable agreement for further details.



+---------------------------------------------------------------------------------+
; Flow Summary                                                                    ;
+------------------------------------+--------------------------------------------+
; Flow Status                        ; Successful - Tue Dec 04 17:07:50 2018      ;
; Quartus II 64-Bit Version          ; 13.0.0 Build 156 04/24/2013 SJ Web Edition ;
; Revision Name                      ; falling_blocks                             ;
; Top-level Entity Name              ; falling_blocks                             ;
; Family                             ; Cyclone II                                 ;
; Device                             ; EP2C35F672C6                               ;
; Timing Models                      ; Final                                      ;
; Total logic elements               ; 1,038 / 33,216 ( 3 % )                     ;
;     Total combinational functions  ; 995 / 33,216 ( 3 % )                       ;
;     Dedicated logic registers      ; 264 / 33,216 ( < 1 % )                     ;
; Total registers                    ; 264                                        ;
; Total pins                         ; 106 / 475 ( 22 % )                         ;
; Total virtual pins                 ; 0                                          ;
; Total memory bits                  ; 0 / 483,840 ( 0 % )                        ;
; Embedded Multiplier 9-bit elements ; 0 / 70 ( 0 % )                             ;
; Total PLLs                         ; 1 / 4 ( 25 % )                             ;
+------------------------------------+--------------------------------------------+


+-----------------------------------------+
; Flow Settings                           ;
+-------------------+---------------------+
; Option            ; Setting             ;
+-------------------+---------------------+
; Start date & time ; 12/04/2018 17:07:27 ;
; Main task         ; Compilation         ;
; Revision Name     ; falling_blocks      ;
+-------------------+---------------------+


+-----------------------------------------------------------------------------------------------------------------------------------------------------+
; Flow Non-Default Global Settings                                                                                                                    ;
+-------------------------------------+-----------------------------------------------------------+---------------+------------------+----------------+
; Assignment Name                     ; Value                                                     ; Default Value ; Entity Name      ; Section Id     ;
+-------------------------------------+-----------------------------------------------------------+---------------+------------------+----------------+
; COMPILER_SIGNATURE_ID               ; 1098449652417.154397204715892                             ; --            ; --               ; --             ;
; EDA_OUTPUT_DATA_FORMAT              ; Vhdl                                                      ; --            ; --               ; eda_simulation ;
; EDA_SIMULATION_TOOL                 ; ModelSim-Altera (VHDL)                                    ; <None>        ; --               ; --             ;
; IP_TOOL_ENV                         ; Qsys                                                      ; --            ; vga_pll          ; --             ;
; IP_TOOL_ENV                         ; Qsys                                                      ; --            ; vga_pll_altpll_0 ; --             ;
; IP_TOOL_NAME                        ; Qsys                                                      ; --            ; vga_pll          ; --             ;
; IP_TOOL_NAME                        ; altpll                                                    ; --            ; vga_pll_altpll_0 ; --             ;
; IP_TOOL_VERSION                     ; 13.0                                                      ; --            ; vga_pll          ; --             ;
; IP_TOOL_VERSION                     ; 13.0                                                      ; --            ; vga_pll_altpll_0 ; --             ;
; MAX_CORE_JUNCTION_TEMP              ; 85                                                        ; --            ; --               ; --             ;
; MIN_CORE_JUNCTION_TEMP              ; 0                                                         ; --            ; --               ; --             ;
; MISC_FILE                           ; vga_pll/synthesis/../../vga_pll.cmp                       ; --            ; --               ; --             ;
; MISC_FILE                           ; vga_pll/synthesis/../../vga_pll.qsys                      ; --            ; --               ; --             ;
; PARTITION_COLOR                     ; 16764057                                                  ; --            ; --               ; Top            ;
; PARTITION_FITTER_PRESERVATION_LEVEL ; PLACEMENT_AND_ROUTING                                     ; --            ; --               ; Top            ;
; PARTITION_NETLIST_TYPE              ; SOURCE                                                    ; --            ; --               ; Top            ;
; POWER_BOARD_THERMAL_MODEL           ; None (CONSERVATIVE)                                       ; --            ; --               ; --             ;
; POWER_PRESET_COOLING_SOLUTION       ; 23 MM HEAT SINK WITH 200 LFPM AIRFLOW                     ; --            ; --               ; --             ;
; PROJECT_OUTPUT_DIRECTORY            ; output_files                                              ; --            ; --               ; --             ;
; SLD_INFO                            ; QSYS_NAME vga_pll HAS_SOPCINFO 1 GENERATION_ID 1543965100 ; --            ; vga_pll          ; --             ;
; SOPCINFO_FILE                       ; vga_pll/synthesis/../../vga_pll.sopcinfo                  ; --            ; --               ; --             ;
; SYNTHESIS_ONLY_QIP                  ; On                                                        ; --            ; --               ; --             ;
+-------------------------------------+-----------------------------------------------------------+---------------+------------------+----------------+


+--------------------------------------------------------------------------------------------------------------------------+
; Flow Elapsed Time                                                                                                        ;
+----------------------+--------------+-------------------------+---------------------+------------------------------------+
; Module Name          ; Elapsed Time ; Average Processors Used ; Peak Virtual Memory ; Total CPU Time (on all processors) ;
+----------------------+--------------+-------------------------+---------------------+------------------------------------+
; Analysis & Synthesis ; 00:00:03     ; 1.0                     ; 4673 MB             ; 00:00:03                           ;
; Fitter               ; 00:00:15     ; 1.0                     ; 4910 MB             ; 00:00:15                           ;
; Assembler            ; 00:00:02     ; 1.0                     ; 4584 MB             ; 00:00:02                           ;
; Total                ; 00:00:20     ; --                      ; --                  ; 00:00:20                           ;
+----------------------+--------------+-------------------------+---------------------+------------------------------------+


+-----------------------------------------------------------------------------------+
; Flow OS Summary                                                                   ;
+----------------------+------------------+-----------+------------+----------------+
; Module Name          ; Machine Hostname ; OS Name   ; OS Version ; Processor type ;
+----------------------+------------------+-----------+------------+----------------+
; Analysis & Synthesis ; Reiner-PC        ; Windows 7 ; 6.2        ; x86_64         ;
; Fitter               ; Reiner-PC        ; Windows 7 ; 6.2        ; x86_64         ;
; Assembler            ; Reiner-PC        ; Windows 7 ; 6.2        ; x86_64         ;
+----------------------+------------------+-----------+------------+----------------+


------------
; Flow Log ;
------------
quartus_map --read_settings_files=on --write_settings_files=off falling_blocks -c falling_blocks
quartus_fit --read_settings_files=off --write_settings_files=off falling_blocks -c falling_blocks
quartus_asm --read_settings_files=off --write_settings_files=off falling_blocks -c falling_blocks



